<?xml version="1.0" encoding="UTF-8"?>
<testng-results skipped="0" failed="0" ignored="0" total="1" passed="1">
  <reporter-output>
  </reporter-output>
  <suite name="twoplugtest Suite" duration-ms="17126" started-at="2019-04-01T17:33:25Z" finished-at="2019-04-01T17:33:42Z">
    <groups>
    </groups>
    <test name="TestNGTest1" duration-ms="17126" started-at="2019-04-01T17:33:25Z" finished-at="2019-04-01T17:33:42Z">
      <class name="com.testCases.TC_TP_001">
        <test-method status="PASS" signature="setup(java.lang.String)[pri:0, instance:com.testCases.TC_TP_001@73f792cf]" name="setup" is-config="true" duration-ms="6020" started-at="2019-04-01T17:33:25Z" finished-at="2019-04-01T17:33:31Z">
          <params>
            <param index="0">
              <value>
                <![CDATA[chrome]]>
              </value>
            </param>
          </params>
          <reporter-output>
          </reporter-output>
        </test-method> <!-- setup -->
        <test-method status="PASS" signature="loginTest()[pri:1, instance:com.testCases.TC_TP_001@73f792cf]" name="loginTest" duration-ms="10204" started-at="2019-04-01T17:33:31Z" finished-at="2019-04-01T17:33:42Z">
          <reporter-output>
          </reporter-output>
        </test-method> <!-- loginTest -->
        <test-method status="PASS" signature="tearDown()[pri:0, instance:com.testCases.TC_TP_001@73f792cf]" name="tearDown" is-config="true" duration-ms="685" started-at="2019-04-01T17:33:42Z" finished-at="2019-04-01T17:33:42Z">
          <reporter-output>
          </reporter-output>
        </test-method> <!-- tearDown -->
      </class> <!-- com.testCases.TC_TP_001 -->
    </test> <!-- TestNGTest1 -->
  </suite> <!-- twoplugtest Suite -->
</testng-results>
